#-----------------------------------------------------------
# Webtalk v2016.4 (64-bit)
# SW Build 1756540 on Mon Jan 23 19:11:23 MST 2017
# 
# Start of session at: Wed Nov 07 10:43:14 2018
# Process ID: 9772
# Current directory: D:/WORKSPACE/FPGA/Final_Project_RTES/Final_Project_RTES.sdk/webtalk
# Command line: wbtcv.exe -mode batch -source sdk_webtalk.tcl
# Log file: D:/WORKSPACE/FPGA/Final_Project_RTES/Final_Project_RTES.sdk/webtalk/webtalk.log
# Journal file: D:/WORKSPACE/FPGA/Final_Project_RTES/Final_Project_RTES.sdk/webtalk\webtalk.jou
#-----------------------------------------------------------
source sdk_webtalk.tcl
# webtalk_init -webtalk_dir D:\\WORKSPACE\\FPGA\\Final_Project_RTES\\Final_Project_RTES.sdk\\webtalk
# webtalk_register_client -client project
# webtalk_add_data -client project -key date_generated -value "2018-11-07 10:43:13" -context "software_version_and_target_device"
# webtalk_add_data -client project -key product_version -value "SDK v2016.4" -context "software_version_and_target_device"
# webtalk_add_data -client project -key build_version -value "2016.4" -context "software_version_and_target_device"
# webtalk_add_data -client project -key os_platform -value "amd64" -context "software_version_and_target_device"
# webtalk_add_data -client project -key registration_id -value "" -context "software_version_and_target_device"
# webtalk_add_data -client project -key tool_flow -value "SDK" -context "software_version_and_target_device"
# webtalk_add_data -client project -key beta -value "false" -context "software_version_and_target_device"
# webtalk_add_data -client project -key route_design -value "NA" -context "software_version_and_target_device"
# webtalk_add_data -client project -key target_family -value "NA" -context "software_version_and_target_device"
# webtalk_add_data -client project -key target_device -value "NA" -context "software_version_and_target_device"
# webtalk_add_data -client project -key target_package -value "NA" -context "software_version_and_target_device"
# webtalk_add_data -client project -key target_speed -value "NA" -context "software_version_and_target_device"
# webtalk_add_data -client project -key random_id -value "2gr7fbhnf366u67rkgg4mnasgd" -context "software_version_and_target_device"
# webtalk_add_data -client project -key project_id -value "2016.4_41" -context "software_version_and_target_device"
# webtalk_add_data -client project -key project_iteration -value "41" -context "software_version_and_target_device"
# webtalk_add_data -client project -key os_name -value "Microsoft Windows 8 or later , 64-bit" -context "user_environment"
# webtalk_add_data -client project -key os_release -value "major release  (build 9200)" -context "user_environment"
# webtalk_add_data -client project -key cpu_name -value "Intel(R) Xeon(R) CPU E5-2620 v4 @ 2.10GHz" -context "user_environment"
# webtalk_add_data -client project -key cpu_speed -value "2095 MHz" -context "user_environment"
# webtalk_add_data -client project -key total_processors -value "1" -context "user_environment"
# webtalk_add_data -client project -key system_ram -value "17.000 GB" -context "user_environment"
# webtalk_register_client -client sdk
# webtalk_add_data -client sdk -key uid -value "1541562060649" -context "sdk\\\\hardware/1541562060649"
# webtalk_add_data -client sdk -key isZynq -value "false" -context "sdk\\\\hardware/1541562060649"
# webtalk_add_data -client sdk -key isZynqMP -value "false" -context "sdk\\\\hardware/1541562060649"
# webtalk_add_data -client sdk -key Processors -value "2" -context "sdk\\\\hardware/1541562060649"
# webtalk_add_data -client sdk -key VivadoVersion -value "2016.4" -context "sdk\\\\hardware/1541562060649"
# webtalk_add_data -client sdk -key Arch -value "artix7" -context "sdk\\\\hardware/1541562060649"
# webtalk_add_data -client sdk -key Device -value "7a200t" -context "sdk\\\\hardware/1541562060649"
# webtalk_add_data -client sdk -key IsHandoff -value "true" -context "sdk\\\\hardware/1541562060649"
# webtalk_add_data -client sdk -key os -value "NA" -context "sdk\\\\hardware/1541562060649"
# webtalk_add_data -client sdk -key apptemplate -value "NA" -context "sdk\\\\hardware/1541562060649"
# webtalk_add_data -client sdk -key RecordType -value "HWCreation" -context "sdk\\\\hardware/1541562060649"
# webtalk_add_data -client sdk -key uid -value "1541562075095" -context "sdk\\\\bsp/1541562075095"
# webtalk_add_data -client sdk -key hwid -value "1541562060649" -context "sdk\\\\bsp/1541562075095"
# webtalk_add_data -client sdk -key os -value "standalone" -context "sdk\\\\bsp/1541562075095"
# webtalk_add_data -client sdk -key apptemplate -value "null" -context "sdk\\\\bsp/1541562075095"
# webtalk_add_data -client sdk -key RecordType -value "BSPCreation" -context "sdk\\\\bsp/1541562075095"
# webtalk_add_data -client sdk -key uid -value "1541562097583" -context "sdk\\\\bsp/1541562097583"
# webtalk_add_data -client sdk -key hwid -value "1541562060649" -context "sdk\\\\bsp/1541562097583"
# webtalk_add_data -client sdk -key os -value "freertos823_xilinx" -context "sdk\\\\bsp/1541562097583"
# webtalk_add_data -client sdk -key apptemplate -value "null" -context "sdk\\\\bsp/1541562097583"
# webtalk_add_data -client sdk -key RecordType -value "BSPCreation" -context "sdk\\\\bsp/1541562097583"
# webtalk_add_data -client sdk -key uid -value "NA" -context "sdk\\\\bsp/1541562193337"
# webtalk_add_data -client sdk -key RecordType -value "ToolUsage" -context "sdk\\\\bsp/1541562193337"
# webtalk_add_data -client sdk -key BootgenCount -value "0" -context "sdk\\\\bsp/1541562193337"
# webtalk_add_data -client sdk -key DebugCount -value "0" -context "sdk\\\\bsp/1541562193337"
# webtalk_add_data -client sdk -key PerfCount -value "0" -context "sdk\\\\bsp/1541562193337"
# webtalk_add_data -client sdk -key FlashCount -value "0" -context "sdk\\\\bsp/1541562193337"
# webtalk_add_data -client sdk -key CrossTriggCount -value "0" -context "sdk\\\\bsp/1541562193337"
# webtalk_add_data -client sdk -key QemuDebugCount -value "0" -context "sdk\\\\bsp/1541562193337"
# webtalk_transmit -clientid 362731182 -regid "" -xml D:\\WORKSPACE\\FPGA\\Final_Project_RTES\\Final_Project_RTES.sdk\\webtalk\\usage_statistics_ext_sdk.xml -html D:\\WORKSPACE\\FPGA\\Final_Project_RTES\\Final_Project_RTES.sdk\\webtalk\\usage_statistics_ext_sdk.html -wdm D:\\WORKSPACE\\FPGA\\Final_Project_RTES\\Final_Project_RTES.sdk\\webtalk\\sdk_webtalk.wdm -intro "<H3>SDK Usage Report</H3><BR>"
INFO: [Common 17-186] 'D:\WORKSPACE\FPGA\Final_Project_RTES\Final_Project_RTES.sdk\webtalk\usage_statistics_ext_sdk.xml' has been successfully sent to Xilinx on Wed Nov 07 10:43:17 2018. For additional details about this file, please refer to the WebTalk help file at E:/Program/Xilinx/SDK/2016.4/doc/webtalk_introduction.html.
# webtalk_terminate
INFO: [Common 17-206] Exiting Webtalk at Wed Nov 07 10:43:17 2018...
